{
  "RSpec": {
    "coverage": {
      "/Users/adamwoodcock/Documents/Coding/Makers/Projects/makersbnb/app.rb": {
        "lines": [
          1,
          1,
          1,
          null,
          1,
          1,
          1,
          null,
          null,
          1,
          null,
          1,
          4,
          4,
          null,
          null,
          1,
          1,
          null,
          null,
          1,
          1,
          null,
          null,
          null,
          null,
          1,
          null,
          null,
          1,
          1,
          1,
          null,
          null,
          1,
          null
        ]
      },
      "/Users/adamwoodcock/Documents/Coding/Makers/Projects/makersbnb/lib/listing.rb": {
        "lines": [
          1,
          null,
          1,
          1,
          null,
          1,
          16,
          16,
          16,
          16,
          null,
          null,
          1,
          6,
          6,
          null,
          0,
          null,
          6,
          6,
          12,
          12,
          null,
          null,
          null,
          1,
          4,
          4,
          null,
          0,
          null,
          4,
          null,
          4,
          null,
          4,
          null,
          null,
          null,
          null
        ]
      },
      "/Users/adamwoodcock/Documents/Coding/Makers/Projects/makersbnb/spec/support/database_helper.rb": {
        "lines": [
          1,
          null,
          1,
          1,
          20,
          null,
          null,
          1,
          0,
          null,
          null,
          1,
          6,
          6,
          null,
          0,
          null,
          null,
          null,
          1,
          null,
          2,
          null,
          null,
          null,
          null,
          null,
          2,
          null,
          8,
          null,
          null,
          null,
          null,
          8,
          null,
          null,
          null,
          1,
          6,
          6,
          6,
          null,
          0,
          null,
          null,
          null
        ]
      },
      "/Users/adamwoodcock/Documents/Coding/Makers/Projects/makersbnb/spec/feature/add_new_listing_spec.rb": {
        "lines": [
          1,
          null,
          1,
          1,
          1,
          1,
          1,
          null,
          1,
          null,
          1,
          1,
          1,
          1,
          null,
          null,
          null
        ]
      },
      "/Users/adamwoodcock/Documents/Coding/Makers/Projects/makersbnb/spec/feature/view_all_listings_spec.rb": {
        "lines": [
          1,
          null,
          1,
          2,
          null,
          null,
          1,
          1,
          1,
          1,
          1,
          null,
          null,
          1,
          1,
          1,
          1,
          1,
          null,
          null,
          null
        ]
      },
      "/Users/adamwoodcock/Documents/Coding/Makers/Projects/makersbnb/spec/feature/view_listing_spec.rb": {
        "lines": [
          1,
          null,
          1,
          1,
          null,
          1,
          1,
          null,
          1,
          1,
          1,
          1,
          null,
          null,
          null
        ]
      },
      "/Users/adamwoodcock/Documents/Coding/Makers/Projects/makersbnb/spec/unit/listing_spec.rb": {
        "lines": [
          1,
          null,
          1,
          null,
          1,
          null,
          1,
          1,
          null,
          1,
          null,
          1,
          1,
          1,
          1,
          1,
          null,
          null,
          null,
          null,
          1,
          1,
          null,
          1,
          null,
          1,
          1,
          1,
          null,
          null
        ]
      }
    },
    "timestamp": 1648057235
  }
}
